0x29A40Fc496f53a1fe724A4ebb83D5b7613f0B4Ef
0xbd7f837c955E09fDcd74DF78592a562539B0E36F
0xA8DCbbd58ac58F7fdbf1bD0C709A7f211B6fa0A2
0x27582400b5EAB6366BF3c64aB040749509d0Ae5e
0x7cfaF6DDB05192BE101ec1bda84D3C9520565aD5
0x3717AD55666577Eb92fCa3e5F9F71958bD60c620
0xc46Cc53b8F09fe6F4eB6b6dF8AD5c6Fe5DA6638B
0xE44389C26FDEb581dEa7Df91Efd0665a7cd404c1
0x93B7a5c74793DCba765a1dD163e1744622306651
0xb4d46Ac49029fccbE1BCD54C11160a2F662f6638
0xF2597dcB7E65371E8a13bD351042e19F9e53108E
0x8c803Af44364e3A87f3dBa7FD9770e604C1b80E4
0x126675a94CD6F36cCeA425BD9296a7204318D8Bd
0x1A152835d8DCA756F84981Ce8f123Ad63CAaa894
0xbe8519a01523a34fAB9DDD68857247C8A98Dc051
0xa8436045Cc995684344E7Db41cA2f0391cA554e8
0x49Dd9E0558ce87A1aBA255b8A74924e3c8784c33
0xC0968a743cF57a61baC462FF903d9318B61426f6
0xA994eBc847a287aC69926d5392dD6fb33F0d9629
0x0aaa5bf1325962a0B82e7e46Ab33ffD3c2A4d5De
0x117903e14a9d570b96c30e20B4a3A0b953E22355
0x532e85A8a9EfBaAAe330972Bf2bE8dc888699177
0x3717AD55666577Eb92fCa3e5F9F71958bD60c620
0xc46Cc53b8F09fe6F4eB6b6dF8AD5c6Fe5DA6638B
0xE44389C26FDEb581dEa7Df91Efd0665a7cd404c1
0x93B7a5c74793DCba765a1dD163e1744622306651
0xb4d46Ac49029fccbE1BCD54C11160a2F662f6638
